listen:10086
publish successed
2018-4-25 19:51:37
publish successed
2018-4-25 19:52:53
listen:10086
publish successed
2018-4-25 19:58:25
publish successed
2018-4-25 21:30:18
listen:10086
publish successed
2018-4-26 09:53:22
publish successed
2018-4-26 09:55:44
publish successed
2018-4-26 11:44:04
listen:10086
publish successed
2018-4-27 10:11:24
publish successed
2018-4-27 10:26:36
listen:8088
listen:8089
listen:10086
module.js:487
    throw err;
    ^

Error: Cannot find module '/home/projects/pocket_hospital_svn/project/tool/publish/publis_prod.js'
    at Function.Module._resolveFilename (module.js:485:15)
    at Function.Module._load (module.js:437:25)
    at Function.Module.runMain (module.js:605:10)
    at startup (bootstrap_node.js:158:16)
    at bootstrap_node.js:575:3
module.js:487
    throw err;
    ^

Error: Cannot find module '/home/projects/pocket_hospital_svn/project/tool/publish/publis_publish_fb.js'
    at Function.Module._resolveFilename (module.js:485:15)
    at Function.Module._load (module.js:437:25)
    at Function.Module.runMain (module.js:605:10)
    at startup (bootstrap_node.js:158:16)
    at bootstrap_node.js:575:3
module.js:487
    throw err;
    ^

Error: Cannot find module '/home/projects/pocket_hospital_svn/project/tool/publish/publis_dev.js'
    at Function.Module._resolveFilename (module.js:485:15)
    at Function.Module._load (module.js:437:25)
    at Function.Module.runMain (module.js:605:10)
    at startup (bootstrap_node.js:158:16)
    at bootstrap_node.js:575:3
listen:8089
listen:10086
listen:8088
listen:10086
listen:8088
listen:8089
events.js:182
      throw er; // Unhandled 'error' event
      ^

Error: listen EADDRINUSE :::8088
    at Object.exports._errnoException (util.js:1026:11)
    at exports._exceptionWithHostPort (util.js:1049:20)
    at Server.setupListenHandle [as _listen2] (net.js:1305:14)
    at listenInCluster (net.js:1353:12)
    at Server.listen (net.js:1453:7)
    at Object.<anonymous> (/home/projects/pocket_hospital_svn/project/tool/publish/publish_fb.js:23:8)
    at Module._compile (module.js:569:30)
    at Object.Module._extensions..js (module.js:580:10)
    at Module.load (module.js:503:32)
    at tryModuleLoad (module.js:466:12)
events.js:182
      throw er; // Unhandled 'error' event
      ^

Error: listen EADDRINUSE :::8089
    at Object.exports._errnoException (util.js:1026:11)
    at exports._exceptionWithHostPort (util.js:1049:20)
    at Server.setupListenHandle [as _listen2] (net.js:1305:14)
    at listenInCluster (net.js:1353:12)
    at Server.listen (net.js:1453:7)
    at Object.<anonymous> (/home/projects/pocket_hospital_svn/project/tool/publish/publish_prod.js:23:8)
    at Module._compile (module.js:569:30)
    at Object.Module._extensions..js (module.js:580:10)
    at Module.load (module.js:503:32)
    at tryModuleLoad (module.js:466:12)
<br>publish successed2018-5-15 17:06:58
<br>publish successed2018-5-15 17:07:45
<br>publish successed2018-5-15 17:09:24
<br>publish successed2018-5-15 17:10:54
listen:8088
listen:8089
listen:10086
<br>publish successed:2018-5-15 17:28:26
<br>publish successed:2018-5-15 17:28:49
<br>publish successed:2018-5-15 17:29:12
listen:8088
listen:10086
listen:8089
<br>publish successed:2018-5-15 17:36:12
<br>publish successed:2018-5-15 18:10:23
<br>publish successed:2018-5-15 18:10:50
<br>publish successed:2018-5-15 18:26:34
<br>publish successed:2018-5-16 18:43:10
<br>publish successed:2018-5-16 19:52:10
<br>publish successed:2018-5-17 16:08:31
<br>publish successed:2018-5-19 13:11:18
<br>publish successed:2018-5-19 13:11:36
